E:\SOFTWARE PRACTICUM\VISUAL STUDIO C++\PROJECT2\PROJECT2\DEBUG\PROJECT2.PCH
E:\SOFTWARE PRACTICUM\VISUAL STUDIO C++\PROJECT2\PROJECT2\DEBUG\STDAFX.OBJ
E:\SOFTWARE PRACTICUM\VISUAL STUDIO C++\PROJECT2\PROJECT2\DEBUG\VC100.PDB
E:\SOFTWARE PRACTICUM\VISUAL STUDIO C++\PROJECT2\PROJECT2\DEBUG\VC110.PDB
E:\SOFTWARE PRACTICUM\VISUAL STUDIO C++\PROJECT2\PROJECT2\DEBUG\PROJECT2.OBJ
E:\SOFTWARE PRACTICUM\VISUAL STUDIO C++\PROJECT2\DEBUG\PROJECT2.ILK
E:\SOFTWARE PRACTICUM\VISUAL STUDIO C++\PROJECT2\DEBUG\PROJECT2.EXE
E:\SOFTWARE PRACTICUM\VISUAL STUDIO C++\PROJECT2\DEBUG\PROJECT2.PDB
E:\SOFTWARE PRACTICUM\VISUAL STUDIO C++\PROJECT2\PROJECT2\DEBUG\PROJECT2.EXE.EMBED.MANIFEST.RES
E:\SOFTWARE PRACTICUM\VISUAL STUDIO C++\PROJECT2\PROJECT2\DEBUG\PROJECT2.EXE.EMBED.MANIFEST
E:\SOFTWARE PRACTICUM\VISUAL STUDIO C++\Project2\Project2\Debug\Project2.obj
E:\SOFTWARE PRACTICUM\VISUAL STUDIO C++\Project2\Project2\Debug\stdafx.obj
E:\SOFTWARE PRACTICUM\VISUAL STUDIO C++\Project2\Project2\Debug\cl.command.1.tlog
E:\SOFTWARE PRACTICUM\VISUAL STUDIO C++\Project2\Project2\Debug\link.read.1.tlog
E:\SOFTWARE PRACTICUM\VISUAL STUDIO C++\Project2\Project2\Debug\CL.write.1.tlog
E:\SOFTWARE PRACTICUM\VISUAL STUDIO C++\Project2\Project2\Debug\link-cvtres.read.1.tlog
E:\SOFTWARE PRACTICUM\VISUAL STUDIO C++\Project2\Project2\Debug\link-cvtres.write.1.tlog
E:\SOFTWARE PRACTICUM\VISUAL STUDIO C++\Project2\Project2\Debug\link-rc.read.1.tlog
E:\SOFTWARE PRACTICUM\VISUAL STUDIO C++\Project2\Project2\Debug\link-rc.write.1.tlog
E:\SOFTWARE PRACTICUM\VISUAL STUDIO C++\Project2\Project2\Debug\link.command.1.tlog
E:\SOFTWARE PRACTICUM\VISUAL STUDIO C++\Project2\Project2\Debug\link.write.1.tlog
E:\SOFTWARE PRACTICUM\VISUAL STUDIO C++\Project2\Project2\Debug\Project2.write.1.tlog
E:\SOFTWARE PRACTICUM\VISUAL STUDIO C++\Project2\Project2\Debug\rc.read.1.tlog
E:\SOFTWARE PRACTICUM\VISUAL STUDIO C++\Project2\Project2\Debug\rc.write.1.tlog
E:\SOFTWARE PRACTICUM\VISUAL STUDIO C++\Project2\Project2\Debug\rc.command.1.tlog
E:\SOFTWARE PRACTICUM\VISUAL STUDIO C++\Project2\Project2\Debug\mt.read.1.tlog
E:\SOFTWARE PRACTICUM\VISUAL STUDIO C++\Project2\Project2\Debug\mt.write.1.tlog
E:\SOFTWARE PRACTICUM\VISUAL STUDIO C++\Project2\Project2\Debug\mt.command.1.tlog
E:\SOFTWARE PRACTICUM\VISUAL STUDIO C++\Project2\Project2\Debug\link.5164-cvtres.read.1.tlog
E:\SOFTWARE PRACTICUM\VISUAL STUDIO C++\Project2\Project2\Debug\link.5164-cvtres.write.1.tlog
E:\SOFTWARE PRACTICUM\VISUAL STUDIO C++\Project2\Project2\Debug\link.5164.read.1.tlog
E:\SOFTWARE PRACTICUM\VISUAL STUDIO C++\Project2\Project2\Debug\link.5164.write.1.tlog
E:\SOFTWARE PRACTICUM\VISUAL STUDIO C++\Project2\Project2\Debug\CL.read.1.tlog
E:\SOFTWARE PRACTICUM\VISUAL STUDIO C++\Project2\Project2\Debug\Project2.exe.intermediate.manifest
E:\SOFTWARE PRACTICUM\VISUAL STUDIO C++\Project2\Project2\Debug\Project2.exe.embed.manifest
E:\SOFTWARE PRACTICUM\VISUAL STUDIO C++\Project2\Project2\Debug\Project2.exe.embed.manifest.res
E:\SOFTWARE PRACTICUM\VISUAL STUDIO C++\Project2\Project2\Debug\Project2.pch
E:\SOFTWARE PRACTICUM\VISUAL STUDIO C++\Project2\Project2\Debug\vc110.idb
E:\SOFTWARE PRACTICUM\VISUAL STUDIO C++\Project2\Project2\Debug\vc100.idb
E:\SOFTWARE PRACTICUM\VISUAL STUDIO C++\Project2\Project2\Debug\vc110.pdb
E:\SOFTWARE PRACTICUM\VISUAL STUDIO C++\Project2\Project2\Debug\vc100.pdb
E:\SOFTWARE PRACTICUM\VISUAL STUDIO C++\Project2\Project2\Debug\Project2_manifest.rc
E:\SOFTWARE PRACTICUM\VISUAL STUDIO C++\Project2\Debug\Project2.pdb
E:\SOFTWARE PRACTICUM\VISUAL STUDIO C++\Project2\Debug\Project2.exe
E:\SOFTWARE PRACTICUM\VISUAL STUDIO C++\Project2\Debug\Project2.ilk
