C:\USERS\COAN2376\DOCUMENTS\VISUAL STUDIO 2012\PROJECTS\PROJECT1\PROJECT1\DEBUG\PROJECT1.PCH
C:\USERS\COAN2376\DOCUMENTS\VISUAL STUDIO 2012\PROJECTS\PROJECT1\PROJECT1\DEBUG\STDAFX.OBJ
C:\USERS\COAN2376\DOCUMENTS\VISUAL STUDIO 2012\PROJECTS\PROJECT1\PROJECT1\DEBUG\VC110.PDB
C:\USERS\COAN2376\DOCUMENTS\VISUAL STUDIO 2012\PROJECTS\PROJECT1\PROJECT1\DEBUG\PROJECT1.OBJ
C:\USERS\COAN2376\DOCUMENTS\VISUAL STUDIO 2012\PROJECTS\PROJECT1\DEBUG\PROJECT1.ILK
C:\USERS\COAN2376\DOCUMENTS\VISUAL STUDIO 2012\PROJECTS\PROJECT1\DEBUG\PROJECT1.EXE
C:\USERS\COAN2376\DOCUMENTS\VISUAL STUDIO 2012\PROJECTS\PROJECT1\DEBUG\PROJECT1.PDB
C:\Users\coan2376\Documents\Visual Studio 2012\Projects\Project1\Project1\Debug\Project1.obj
C:\Users\coan2376\Documents\Visual Studio 2012\Projects\Project1\Project1\Debug\stdafx.obj
C:\Users\coan2376\Documents\Visual Studio 2012\Projects\Project1\Project1\Debug\cl.command.1.tlog
C:\Users\coan2376\Documents\Visual Studio 2012\Projects\Project1\Project1\Debug\CL.read.1.tlog
C:\Users\coan2376\Documents\Visual Studio 2012\Projects\Project1\Project1\Debug\CL.write.1.tlog
C:\Users\coan2376\Documents\Visual Studio 2012\Projects\Project1\Project1\Debug\link-cvtres.read.1.tlog
C:\Users\coan2376\Documents\Visual Studio 2012\Projects\Project1\Project1\Debug\link-cvtres.write.1.tlog
C:\Users\coan2376\Documents\Visual Studio 2012\Projects\Project1\Project1\Debug\link-rc.read.1.tlog
C:\Users\coan2376\Documents\Visual Studio 2012\Projects\Project1\Project1\Debug\link-rc.write.1.tlog
C:\Users\coan2376\Documents\Visual Studio 2012\Projects\Project1\Project1\Debug\link.command.1.tlog
C:\Users\coan2376\Documents\Visual Studio 2012\Projects\Project1\Project1\Debug\link.read.1.tlog
C:\Users\coan2376\Documents\Visual Studio 2012\Projects\Project1\Project1\Debug\link.write.1.tlog
C:\Users\coan2376\Documents\Visual Studio 2012\Projects\Project1\Project1\Debug\Project1.pch
C:\Users\coan2376\Documents\Visual Studio 2012\Projects\Project1\Project1\Debug\vc110.idb
C:\Users\coan2376\Documents\Visual Studio 2012\Projects\Project1\Project1\Debug\vc110.pdb
C:\Users\coan2376\Documents\Visual Studio 2012\Projects\Project1\Debug\Project1.pdb
C:\Users\coan2376\Documents\Visual Studio 2012\Projects\Project1\Debug\Project1.exe
C:\Users\coan2376\Documents\Visual Studio 2012\Projects\Project1\Debug\Project1.ilk
