Build started 2/27/2014 7:32:36 PM.
     1>Project "E:\SOFTWARE PRACTICUM\VISUAL STUDIO C++\Project1\Project1\Project1.vcxproj" on node 2 (build target(s)).
     1>InitializeBuildStatus:
         Creating "Debug\Project1.unsuccessfulbuild" because "AlwaysCreate" was specified.
       ClCompile:
         All outputs are up-to-date.
         c:\Program Files\Microsoft Visual Studio 10.0\VC\bin\CL.exe /c /ZI /nologo /W3 /WX- /Od /Oy- /D WIN32 /D _DEBUG /D _CONSOLE /D _UNICODE /D UNICODE /Gm /EHsc /RTC1 /MDd /GS /fp:precise /Zc:wchar_t /Zc:forScope /Yu"StdAfx.h" /Fp"Debug\Project1.pch" /Fo"Debug\\" /Fd"Debug\vc100.pdb" /Gd /TP /analyze- /errorReport:prompt Project1.cpp
         Project1.cpp
       ManifestResourceCompile:
         All outputs are up-to-date.
       Link:
         c:\Program Files\Microsoft Visual Studio 10.0\VC\bin\link.exe /ERRORREPORT:PROMPT /OUT:"E:\SOFTWARE PRACTICUM\VISUAL STUDIO C++\Project1\Debug\Project1.exe" /INCREMENTAL /NOLOGO kernel32.lib user32.lib gdi32.lib winspool.lib comdlg32.lib advapi32.lib shell32.lib ole32.lib oleaut32.lib uuid.lib odbc32.lib odbccp32.lib /MANIFEST /ManifestFile:"Debug\Project1.exe.intermediate.manifest" /MANIFESTUAC:"level='asInvoker' uiAccess='false'" /DEBUG /PDB:"E:\SOFTWARE PRACTICUM\VISUAL STUDIO C++\Project1\Debug\Project1.pdb" /SUBSYSTEM:CONSOLE /TLBID:1 /DYNAMICBASE /NXCOMPAT /IMPLIB:"E:\SOFTWARE PRACTICUM\VISUAL STUDIO C++\Project1\Debug\Project1.lib" /MACHINE:X86 Debug\Project1.exe.embed.manifest.res
         Debug\Project1.obj
         Debug\stdafx.obj
       Manifest:
         C:\Program Files\Microsoft SDKs\Windows\v7.0A\bin\mt.exe /nologo /verbose /out:"Debug\Project1.exe.embed.manifest" /manifest Debug\Project1.exe.intermediate.manifest
         All outputs are up-to-date.
       LinkEmbedManifest:
         All outputs are up-to-date.
         Project1.vcxproj -> E:\SOFTWARE PRACTICUM\VISUAL STUDIO C++\Project1\Debug\Project1.exe
       FinalizeBuildStatus:
         Deleting file "Debug\Project1.unsuccessfulbuild".
         Touching "Debug\Project1.lastbuildstate".
     1>Done Building Project "E:\SOFTWARE PRACTICUM\VISUAL STUDIO C++\Project1\Project1\Project1.vcxproj" (build target(s)).

Build succeeded.

Time Elapsed 00:00:30.76
